INFO: [EDA] Time: Tue Feb 17 23:03:02 2026 start - eda.work/eda.log
INFO: [EDA] eda: version 0.3.10
INFO: [EDA] main: eda synth --no-color --tool slang_yosys perf_counters; (run from /app/eda.work/23fe1751-e96f-4746-94ce-186c115e06f2.edacmd)
INFO: [EDA] eda_config: --config-yml=eda_config_defaults.yml observed
INFO: [EDA] eda_config: using config: /app/venv/lib/python3.12/site-packages/opencos/eda_config_defaults.yml
INFO: [EDA] *** OpenCOS EDA ***
INFO: [EDA] Detected slang_yosys (/usr/local/bin/yosys)
INFO: [EDA] --top not specified, inferred from target: perf_counters (./perf_counters)
INFO: [EDA] synth: top-most target name: perf_counters
INFO: [EDA] exec: /usr/local/bin/yosys --scriptfile yosys.slang.f (in /app/eda.work/23fe1751-e96f-4746-94ce-186c115e06f2.edacmd/eda.work/perf_counters.synth, tee_fpath='yosys.slang.log')
INFO: [EDA] PID 1704 for /usr/local/bin/yosys

 /----------------------------------------------------------------------------\
 |  yosys -- Yosys Open SYnthesis Suite                                       |
 |  Copyright (C) 2012 - 2025  Claire Xenia Wolf <claire@yosyshq.com>         |
 |  Distributed under an ISC-like license, type "license" to see terms        |
 \----------------------------------------------------------------------------/
 Yosys 0.53 (git sha1 53c22ab7c, g++ 13.3.0-6ubuntu2~24.04 -fPIC -O3)

-- Executing script file `yosys.slang.f' --

1. Executing SLANG frontend.
Top level design units:
    perf_counters

Build succeeded: 0 errors, 0 warnings

1.1. Executing UNDRIVEN pass. (resolve undriven signals)

1.2. Executing PROC_CLEAN pass (remove empty switches from decision trees).
Found and cleaned up 2 empty switches in `\perf_counters.$0'.
Cleaned up 2 empty switches.

1.3. Executing TRIBUF pass.

1.4. Executing PROC_RMDEAD pass (remove dead branches from decision trees).
Marked 25 switch rules as full_case in process $0 in module perf_counters.
Removed a total of 0 dead cases.

1.5. Executing PROC_PRUNE pass (remove redundant assignments in processes).
Removed 4 redundant assignments.
Promoted 0 assignments to connections.

1.6. Executing PROC_INIT pass (extract init attributes).

1.7. Executing PROC_ROM pass (convert switches to ROMs).
Converted 0 switches.
<suppressed ~49 debug messages>

1.8. Executing PROC_MUX pass (convert decision trees to multiplexers).
Creating decoders for process `\perf_counters.$0'.
     1/28: $sleep_count[127:96]$68
     2/28: $sleep_count[127:96]$69
     3/28: $idle_cycles[127:96]$61
     4/28: $idle_cycles[127:96]$62
     5/28: $active_cycles[127:96]$56
     6/28: $active_cycles[127:96]$57
     7/28: $sleep_count[95:64]$51
     8/28: $sleep_count[95:64]$52
     9/28: $idle_cycles[95:64]$44
    10/28: $idle_cycles[95:64]$45
    11/28: $active_cycles[95:64]$39
    12/28: $active_cycles[95:64]$40
    13/28: $sleep_count[63:32]$34
    14/28: $sleep_count[63:32]$35
    15/28: $idle_cycles[63:32]$27
    16/28: $idle_cycles[63:32]$28
    17/28: $active_cycles[63:32]$22
    18/28: $active_cycles[63:32]$23
    19/28: $sleep_count[31:0]$17
    20/28: $sleep_count[31:0]$18
    21/28: $idle_cycles[31:0]$10
    22/28: $idle_cycles[31:0]$11
    23/28: $active_cycles[31:0]$5
    24/28: $active_cycles[31:0]$6
    25/28: $prev_state$73
    26/28: $idle_cycles$72
    27/28: $active_cycles$71
    28/28: $sleep_count$70

1.9. Executing PROC_CLEAN pass (remove empty switches from decision trees).
Found and cleaned up 49 empty switches in `\perf_counters.$0'.
Removing empty process `perf_counters.$0'.
Cleaned up 49 empty switches.

1.10. Executing OPT_EXPR pass (perform const folding).
Optimizing module perf_counters.
<suppressed ~32 debug messages>

2. Executing Verilog backend.

2.1. Executing BMUXMAP pass.

2.2. Executing DEMUXMAP pass.
Dumping module `\perf_counters'.

1 modules:
  perf_counters

End of script. Logfile hash: 4f8c962eda, CPU: user 0.01s system 0.00s, MEM: 24.95 MB peak
Yosys 0.53 (git sha1 53c22ab7c, g++ 13.3.0-6ubuntu2~24.04 -fPIC -O3)
Time spent: 37% 2x read_slang (0 sec), 22% 1x opt_expr (0 sec), ...
INFO: [EDA] subprocess_run_background: wrote: /app/eda.work/23fe1751-e96f-4746-94ce-186c115e06f2.edacmd/eda.work/perf_counters.synth/yosys.slang.log
INFO: [EDA] yosys.slang.f: wrote:  /app/eda.work/23fe1751-e96f-4746-94ce-186c115e06f2.edacmd/eda.work/perf_counters.synth/post_slang_ls.txt
INFO: [EDA] exec: /usr/local/bin/yosys --scriptfile yosys.synth.f (in /app/eda.work/23fe1751-e96f-4746-94ce-186c115e06f2.edacmd/eda.work/perf_counters.synth, tee_fpath='yosys.synth.log')
INFO: [EDA] PID 1705 for /usr/local/bin/yosys

 /----------------------------------------------------------------------------\
 |  yosys -- Yosys Open SYnthesis Suite                                       |
 |  Copyright (C) 2012 - 2025  Claire Xenia Wolf <claire@yosyshq.com>         |
 |  Distributed under an ISC-like license, type "license" to see terms        |
 \----------------------------------------------------------------------------/
 Yosys 0.53 (git sha1 53c22ab7c, g++ 13.3.0-6ubuntu2~24.04 -fPIC -O3)

-- Executing script file `yosys.synth.f' --

1. Executing Verilog-2005 frontend: /app/eda.work/23fe1751-e96f-4746-94ce-186c115e06f2.edacmd/eda.work/perf_counters.synth/slang/perf_counters.v
Parsing SystemVerilog input from `/app/eda.work/23fe1751-e96f-4746-94ce-186c115e06f2.edacmd/eda.work/perf_counters.synth/slang/perf_counters.v' to AST representation.
Generating RTLIL representation for module `\perf_counters'.
Successfully finished Verilog frontend.

2. Executing PREP pass.

2.1. Executing HIERARCHY pass (managing design hierarchy).
Attribute `top' found on module `perf_counters'. Setting top module to perf_counters.

2.1.1. Analyzing design hierarchy..
Top module:  \perf_counters

2.1.2. Analyzing design hierarchy..
Top module:  \perf_counters
Removed 0 unused modules.

2.2. Executing PROC pass (convert processes to netlists).

2.2.1. Executing PROC_CLEAN pass (remove empty switches from decision trees).
Cleaned up 0 empty switches.

2.2.2. Executing PROC_RMDEAD pass (remove dead branches from decision trees).
Removed a total of 0 dead cases.

2.2.3. Executing PROC_PRUNE pass (remove redundant assignments in processes).
Removed 0 redundant assignments.
Promoted 16 assignments to connections.

2.2.4. Executing PROC_INIT pass (extract init attributes).

2.2.5. Executing PROC_ARST pass (detect async resets in processes).

2.2.6. Executing PROC_ROM pass (convert switches to ROMs).
Converted 0 switches.

2.2.7. Executing PROC_MUX pass (convert decision trees to multiplexers).
Creating decoders for process `\perf_counters.$proc$/app/eda.work/23fe1751-e96f-4746-94ce-186c115e06f2.edacmd/eda.work/perf_counters.synth/slang/perf_counters.v:346$61'.
Creating decoders for process `\perf_counters.$proc$/app/eda.work/23fe1751-e96f-4746-94ce-186c115e06f2.edacmd/eda.work/perf_counters.synth/slang/perf_counters.v:343$60'.
Creating decoders for process `\perf_counters.$proc$/app/eda.work/23fe1751-e96f-4746-94ce-186c115e06f2.edacmd/eda.work/perf_counters.synth/slang/perf_counters.v:340$59'.
Creating decoders for process `\perf_counters.$proc$/app/eda.work/23fe1751-e96f-4746-94ce-186c115e06f2.edacmd/eda.work/perf_counters.synth/slang/perf_counters.v:337$58'.
Creating decoders for process `\perf_counters.$proc$/app/eda.work/23fe1751-e96f-4746-94ce-186c115e06f2.edacmd/eda.work/perf_counters.synth/slang/perf_counters.v:334$57'.
Creating decoders for process `\perf_counters.$proc$/app/eda.work/23fe1751-e96f-4746-94ce-186c115e06f2.edacmd/eda.work/perf_counters.synth/slang/perf_counters.v:331$56'.
Creating decoders for process `\perf_counters.$proc$/app/eda.work/23fe1751-e96f-4746-94ce-186c115e06f2.edacmd/eda.work/perf_counters.synth/slang/perf_counters.v:328$55'.
Creating decoders for process `\perf_counters.$proc$/app/eda.work/23fe1751-e96f-4746-94ce-186c115e06f2.edacmd/eda.work/perf_counters.synth/slang/perf_counters.v:325$54'.
Creating decoders for process `\perf_counters.$proc$/app/eda.work/23fe1751-e96f-4746-94ce-186c115e06f2.edacmd/eda.work/perf_counters.synth/slang/perf_counters.v:322$53'.
Creating decoders for process `\perf_counters.$proc$/app/eda.work/23fe1751-e96f-4746-94ce-186c115e06f2.edacmd/eda.work/perf_counters.synth/slang/perf_counters.v:319$52'.
Creating decoders for process `\perf_counters.$proc$/app/eda.work/23fe1751-e96f-4746-94ce-186c115e06f2.edacmd/eda.work/perf_counters.synth/slang/perf_counters.v:316$51'.
Creating decoders for process `\perf_counters.$proc$/app/eda.work/23fe1751-e96f-4746-94ce-186c115e06f2.edacmd/eda.work/perf_counters.synth/slang/perf_counters.v:313$50'.
Creating decoders for process `\perf_counters.$proc$/app/eda.work/23fe1751-e96f-4746-94ce-186c115e06f2.edacmd/eda.work/perf_counters.synth/slang/perf_counters.v:310$49'.
Creating decoders for process `\perf_counters.$proc$/app/eda.work/23fe1751-e96f-4746-94ce-186c115e06f2.edacmd/eda.work/perf_counters.synth/slang/perf_counters.v:307$48'.
Creating decoders for process `\perf_counters.$proc$/app/eda.work/23fe1751-e96f-4746-94ce-186c115e06f2.edacmd/eda.work/perf_counters.synth/slang/perf_counters.v:304$47'.
Creating decoders for process `\perf_counters.$proc$/app/eda.work/23fe1751-e96f-4746-94ce-186c115e06f2.edacmd/eda.work/perf_counters.synth/slang/perf_counters.v:301$46'.

2.2.8. Executing PROC_DLATCH pass (convert process syncs to latches).

2.2.9. Executing PROC_DFF pass (convert process syncs to FFs).
Creating register for signal `\perf_counters.\sleep_count [127:96]' using process `\perf_counters.$proc$/app/eda.work/23fe1751-e96f-4746-94ce-186c115e06f2.edacmd/eda.work/perf_counters.synth/slang/perf_counters.v:346$61'.
  created $dff cell `$procdff$126' with positive edge clock.
Creating register for signal `\perf_counters.\sleep_count [95:64]' using process `\perf_counters.$proc$/app/eda.work/23fe1751-e96f-4746-94ce-186c115e06f2.edacmd/eda.work/perf_counters.synth/slang/perf_counters.v:343$60'.
  created $dff cell `$procdff$127' with positive edge clock.
Creating register for signal `\perf_counters.\sleep_count [63:32]' using process `\perf_counters.$proc$/app/eda.work/23fe1751-e96f-4746-94ce-186c115e06f2.edacmd/eda.work/perf_counters.synth/slang/perf_counters.v:340$59'.
  created $dff cell `$procdff$128' with positive edge clock.
Creating register for signal `\perf_counters.\sleep_count [31:0]' using process `\perf_counters.$proc$/app/eda.work/23fe1751-e96f-4746-94ce-186c115e06f2.edacmd/eda.work/perf_counters.synth/slang/perf_counters.v:337$58'.
  created $dff cell `$procdff$129' with positive edge clock.
Creating register for signal `\perf_counters.\prev_state [7:6]' using process `\perf_counters.$proc$/app/eda.work/23fe1751-e96f-4746-94ce-186c115e06f2.edacmd/eda.work/perf_counters.synth/slang/perf_counters.v:334$57'.
  created $dff cell `$procdff$130' with positive edge clock.
Creating register for signal `\perf_counters.\prev_state [5:4]' using process `\perf_counters.$proc$/app/eda.work/23fe1751-e96f-4746-94ce-186c115e06f2.edacmd/eda.work/perf_counters.synth/slang/perf_counters.v:331$56'.
  created $dff cell `$procdff$131' with positive edge clock.
Creating register for signal `\perf_counters.\prev_state [3:2]' using process `\perf_counters.$proc$/app/eda.work/23fe1751-e96f-4746-94ce-186c115e06f2.edacmd/eda.work/perf_counters.synth/slang/perf_counters.v:328$55'.
  created $dff cell `$procdff$132' with positive edge clock.
Creating register for signal `\perf_counters.\prev_state [1:0]' using process `\perf_counters.$proc$/app/eda.work/23fe1751-e96f-4746-94ce-186c115e06f2.edacmd/eda.work/perf_counters.synth/slang/perf_counters.v:325$54'.
  created $dff cell `$procdff$133' with positive edge clock.
Creating register for signal `\perf_counters.\idle_cycles [127:96]' using process `\perf_counters.$proc$/app/eda.work/23fe1751-e96f-4746-94ce-186c115e06f2.edacmd/eda.work/perf_counters.synth/slang/perf_counters.v:322$53'.
  created $dff cell `$procdff$134' with positive edge clock.
Creating register for signal `\perf_counters.\idle_cycles [95:64]' using process `\perf_counters.$proc$/app/eda.work/23fe1751-e96f-4746-94ce-186c115e06f2.edacmd/eda.work/perf_counters.synth/slang/perf_counters.v:319$52'.
  created $dff cell `$procdff$135' with positive edge clock.
Creating register for signal `\perf_counters.\idle_cycles [63:32]' using process `\perf_counters.$proc$/app/eda.work/23fe1751-e96f-4746-94ce-186c115e06f2.edacmd/eda.work/perf_counters.synth/slang/perf_counters.v:316$51'.
  created $dff cell `$procdff$136' with positive edge clock.
Creating register for signal `\perf_counters.\idle_cycles [31:0]' using process `\perf_counters.$proc$/app/eda.work/23fe1751-e96f-4746-94ce-186c115e06f2.edacmd/eda.work/perf_counters.synth/slang/perf_counters.v:313$50'.
  created $dff cell `$procdff$137' with positive edge clock.
Creating register for signal `\perf_counters.\active_cycles [127:96]' using process `\perf_counters.$proc$/app/eda.work/23fe1751-e96f-4746-94ce-186c115e06f2.edacmd/eda.work/perf_counters.synth/slang/perf_counters.v:310$49'.
  created $dff cell `$procdff$138' with positive edge clock.
Creating register for signal `\perf_counters.\active_cycles [95:64]' using process `\perf_counters.$proc$/app/eda.work/23fe1751-e96f-4746-94ce-186c115e06f2.edacmd/eda.work/perf_counters.synth/slang/perf_counters.v:307$48'.
  created $dff cell `$procdff$139' with positive edge clock.
Creating register for signal `\perf_counters.\active_cycles [63:32]' using process `\perf_counters.$proc$/app/eda.work/23fe1751-e96f-4746-94ce-186c115e06f2.edacmd/eda.work/perf_counters.synth/slang/perf_counters.v:304$47'.
  created $dff cell `$procdff$140' with positive edge clock.
Creating register for signal `\perf_counters.\active_cycles [31:0]' using process `\perf_counters.$proc$/app/eda.work/23fe1751-e96f-4746-94ce-186c115e06f2.edacmd/eda.work/perf_counters.synth/slang/perf_counters.v:301$46'.
  created $dff cell `$procdff$141' with positive edge clock.

2.2.10. Executing PROC_MEMWR pass (convert process memory writes to cells).

2.2.11. Executing PROC_CLEAN pass (remove empty switches from decision trees).
Removing empty process `perf_counters.$proc$/app/eda.work/23fe1751-e96f-4746-94ce-186c115e06f2.edacmd/eda.work/perf_counters.synth/slang/perf_counters.v:346$61'.
Removing empty process `perf_counters.$proc$/app/eda.work/23fe1751-e96f-4746-94ce-186c115e06f2.edacmd/eda.work/perf_counters.synth/slang/perf_counters.v:343$60'.
Removing empty process `perf_counters.$proc$/app/eda.work/23fe1751-e96f-4746-94ce-186c115e06f2.edacmd/eda.work/perf_counters.synth/slang/perf_counters.v:340$59'.
Removing empty process `perf_counters.$proc$/app/eda.work/23fe1751-e96f-4746-94ce-186c115e06f2.edacmd/eda.work/perf_counters.synth/slang/perf_counters.v:337$58'.
Removing empty process `perf_counters.$proc$/app/eda.work/23fe1751-e96f-4746-94ce-186c115e06f2.edacmd/eda.work/perf_counters.synth/slang/perf_counters.v:334$57'.
Removing empty process `perf_counters.$proc$/app/eda.work/23fe1751-e96f-4746-94ce-186c115e06f2.edacmd/eda.work/perf_counters.synth/slang/perf_counters.v:331$56'.
Removing empty process `perf_counters.$proc$/app/eda.work/23fe1751-e96f-4746-94ce-186c115e06f2.edacmd/eda.work/perf_counters.synth/slang/perf_counters.v:328$55'.
Removing empty process `perf_counters.$proc$/app/eda.work/23fe1751-e96f-4746-94ce-186c115e06f2.edacmd/eda.work/perf_counters.synth/slang/perf_counters.v:325$54'.
Removing empty process `perf_counters.$proc$/app/eda.work/23fe1751-e96f-4746-94ce-186c115e06f2.edacmd/eda.work/perf_counters.synth/slang/perf_counters.v:322$53'.
Removing empty process `perf_counters.$proc$/app/eda.work/23fe1751-e96f-4746-94ce-186c115e06f2.edacmd/eda.work/perf_counters.synth/slang/perf_counters.v:319$52'.
Removing empty process `perf_counters.$proc$/app/eda.work/23fe1751-e96f-4746-94ce-186c115e06f2.edacmd/eda.work/perf_counters.synth/slang/perf_counters.v:316$51'.
Removing empty process `perf_counters.$proc$/app/eda.work/23fe1751-e96f-4746-94ce-186c115e06f2.edacmd/eda.work/perf_counters.synth/slang/perf_counters.v:313$50'.
Removing empty process `perf_counters.$proc$/app/eda.work/23fe1751-e96f-4746-94ce-186c115e06f2.edacmd/eda.work/perf_counters.synth/slang/perf_counters.v:310$49'.
Removing empty process `perf_counters.$proc$/app/eda.work/23fe1751-e96f-4746-94ce-186c115e06f2.edacmd/eda.work/perf_counters.synth/slang/perf_counters.v:307$48'.
Removing empty process `perf_counters.$proc$/app/eda.work/23fe1751-e96f-4746-94ce-186c115e06f2.edacmd/eda.work/perf_counters.synth/slang/perf_counters.v:304$47'.
Removing empty process `perf_counters.$proc$/app/eda.work/23fe1751-e96f-4746-94ce-186c115e06f2.edacmd/eda.work/perf_counters.synth/slang/perf_counters.v:301$46'.
Cleaned up 0 empty switches.

2.2.12. Executing OPT_EXPR pass (perform const folding).
Optimizing module perf_counters.

2.3. Executing FUTURE pass.

2.4. Executing OPT_EXPR pass (perform const folding).
Optimizing module perf_counters.

2.5. Executing OPT_CLEAN pass (remove unused cells and wires).
Finding unused cells or wires in module \perf_counters..
Removed 1 unused cells and 218 unused wires.
<suppressed ~2 debug messages>

2.6. Executing CHECK pass (checking for obvious problems).
Checking module perf_counters...
Found and reported 0 problems.

2.7. Executing OPT pass (performing simple optimizations).

2.7.1. Executing OPT_EXPR pass (perform const folding).
Optimizing module perf_counters.

2.7.2. Executing OPT_MERGE pass (detect identical cells).
Finding identical cells in module `\perf_counters'.
Removed a total of 0 cells.

2.7.3. Executing OPT_MUXTREE pass (detect dead branches in mux trees).
Running muxtree optimizer on module \perf_counters..
  Creating internal representation of mux trees.
  Evaluating internal representation of mux trees.
  Analyzing evaluation results.
    dead port 2/2 on $mux $ternary$/app/eda.work/23fe1751-e96f-4746-94ce-186c115e06f2.edacmd/eda.work/perf_counters.synth/slang/perf_counters.v:350$64.
    dead port 2/2 on $mux $ternary$/app/eda.work/23fe1751-e96f-4746-94ce-186c115e06f2.edacmd/eda.work/perf_counters.synth/slang/perf_counters.v:351$65.
    dead port 2/2 on $mux $ternary$/app/eda.work/23fe1751-e96f-4746-94ce-186c115e06f2.edacmd/eda.work/perf_counters.synth/slang/perf_counters.v:353$67.
    dead port 2/2 on $mux $ternary$/app/eda.work/23fe1751-e96f-4746-94ce-186c115e06f2.edacmd/eda.work/perf_counters.synth/slang/perf_counters.v:355$69.
    dead port 2/2 on $mux $ternary$/app/eda.work/23fe1751-e96f-4746-94ce-186c115e06f2.edacmd/eda.work/perf_counters.synth/slang/perf_counters.v:356$70.
    dead port 2/2 on $mux $ternary$/app/eda.work/23fe1751-e96f-4746-94ce-186c115e06f2.edacmd/eda.work/perf_counters.synth/slang/perf_counters.v:358$72.
    dead port 2/2 on $mux $ternary$/app/eda.work/23fe1751-e96f-4746-94ce-186c115e06f2.edacmd/eda.work/perf_counters.synth/slang/perf_counters.v:360$74.
    dead port 2/2 on $mux $ternary$/app/eda.work/23fe1751-e96f-4746-94ce-186c115e06f2.edacmd/eda.work/perf_counters.synth/slang/perf_counters.v:361$75.
    dead port 2/2 on $mux $ternary$/app/eda.work/23fe1751-e96f-4746-94ce-186c115e06f2.edacmd/eda.work/perf_counters.synth/slang/perf_counters.v:362$76.
    dead port 2/2 on $mux $ternary$/app/eda.work/23fe1751-e96f-4746-94ce-186c115e06f2.edacmd/eda.work/perf_counters.synth/slang/perf_counters.v:364$78.
    dead port 2/2 on $mux $ternary$/app/eda.work/23fe1751-e96f-4746-94ce-186c115e06f2.edacmd/eda.work/perf_counters.synth/slang/perf_counters.v:366$80.
    dead port 2/2 on $mux $ternary$/app/eda.work/23fe1751-e96f-4746-94ce-186c115e06f2.edacmd/eda.work/perf_counters.synth/slang/perf_counters.v:367$81.
    dead port 2/2 on $mux $ternary$/app/eda.work/23fe1751-e96f-4746-94ce-186c115e06f2.edacmd/eda.work/perf_counters.synth/slang/perf_counters.v:370$84.
    dead port 2/2 on $mux $ternary$/app/eda.work/23fe1751-e96f-4746-94ce-186c115e06f2.edacmd/eda.work/perf_counters.synth/slang/perf_counters.v:372$86.
    dead port 2/2 on $mux $ternary$/app/eda.work/23fe1751-e96f-4746-94ce-186c115e06f2.edacmd/eda.work/perf_counters.synth/slang/perf_counters.v:373$87.
    dead port 2/2 on $mux $ternary$/app/eda.work/23fe1751-e96f-4746-94ce-186c115e06f2.edacmd/eda.work/perf_counters.synth/slang/perf_counters.v:375$89.
    dead port 2/2 on $mux $ternary$/app/eda.work/23fe1751-e96f-4746-94ce-186c115e06f2.edacmd/eda.work/perf_counters.synth/slang/perf_counters.v:376$90.
    dead port 2/2 on $mux $ternary$/app/eda.work/23fe1751-e96f-4746-94ce-186c115e06f2.edacmd/eda.work/perf_counters.synth/slang/perf_counters.v:381$95.
    dead port 2/2 on $mux $ternary$/app/eda.work/23fe1751-e96f-4746-94ce-186c115e06f2.edacmd/eda.work/perf_counters.synth/slang/perf_counters.v:383$97.
    dead port 2/2 on $mux $ternary$/app/eda.work/23fe1751-e96f-4746-94ce-186c115e06f2.edacmd/eda.work/perf_counters.synth/slang/perf_counters.v:385$99.
    dead port 2/2 on $mux $ternary$/app/eda.work/23fe1751-e96f-4746-94ce-186c115e06f2.edacmd/eda.work/perf_counters.synth/slang/perf_counters.v:386$100.
    dead port 2/2 on $mux $ternary$/app/eda.work/23fe1751-e96f-4746-94ce-186c115e06f2.edacmd/eda.work/perf_counters.synth/slang/perf_counters.v:387$101.
    dead port 2/2 on $mux $ternary$/app/eda.work/23fe1751-e96f-4746-94ce-186c115e06f2.edacmd/eda.work/perf_counters.synth/slang/perf_counters.v:389$103.
    dead port 2/2 on $mux $ternary$/app/eda.work/23fe1751-e96f-4746-94ce-186c115e06f2.edacmd/eda.work/perf_counters.synth/slang/perf_counters.v:391$105.
    dead port 2/2 on $mux $ternary$/app/eda.work/23fe1751-e96f-4746-94ce-186c115e06f2.edacmd/eda.work/perf_counters.synth/slang/perf_counters.v:392$106.
    dead port 2/2 on $mux $ternary$/app/eda.work/23fe1751-e96f-4746-94ce-186c115e06f2.edacmd/eda.work/perf_counters.synth/slang/perf_counters.v:394$108.
    dead port 2/2 on $mux $ternary$/app/eda.work/23fe1751-e96f-4746-94ce-186c115e06f2.edacmd/eda.work/perf_counters.synth/slang/perf_counters.v:396$110.
    dead port 2/2 on $mux $ternary$/app/eda.work/23fe1751-e96f-4746-94ce-186c115e06f2.edacmd/eda.work/perf_counters.synth/slang/perf_counters.v:397$111.
    dead port 2/2 on $mux $ternary$/app/eda.work/23fe1751-e96f-4746-94ce-186c115e06f2.edacmd/eda.work/perf_counters.synth/slang/perf_counters.v:398$112.
    dead port 2/2 on $mux $ternary$/app/eda.work/23fe1751-e96f-4746-94ce-186c115e06f2.edacmd/eda.work/perf_counters.synth/slang/perf_counters.v:400$114.
    dead port 2/2 on $mux $ternary$/app/eda.work/23fe1751-e96f-4746-94ce-186c115e06f2.edacmd/eda.work/perf_counters.synth/slang/perf_counters.v:402$116.
    dead port 2/2 on $mux $ternary$/app/eda.work/23fe1751-e96f-4746-94ce-186c115e06f2.edacmd/eda.work/perf_counters.synth/slang/perf_counters.v:403$117.
    dead port 2/2 on $mux $ternary$/app/eda.work/23fe1751-e96f-4746-94ce-186c115e06f2.edacmd/eda.work/perf_counters.synth/slang/perf_counters.v:405$119.
    dead port 2/2 on $mux $ternary$/app/eda.work/23fe1751-e96f-4746-94ce-186c115e06f2.edacmd/eda.work/perf_counters.synth/slang/perf_counters.v:407$121.
    dead port 2/2 on $mux $ternary$/app/eda.work/23fe1751-e96f-4746-94ce-186c115e06f2.edacmd/eda.work/perf_counters.synth/slang/perf_counters.v:408$122.
    dead port 2/2 on $mux $ternary$/app/eda.work/23fe1751-e96f-4746-94ce-186c115e06f2.edacmd/eda.work/perf_counters.synth/slang/perf_counters.v:410$124.
Removed 36 multiplexer ports.
<suppressed ~4 debug messages>

2.7.4. Executing OPT_REDUCE pass (consolidate $*mux and $reduce_* inputs).
  Optimizing cells in module \perf_counters.
Performed a total of 0 changes.

2.7.5. Executing OPT_MERGE pass (detect identical cells).
Finding identical cells in module `\perf_counters'.
Removed a total of 0 cells.

2.7.6. Executing OPT_CLEAN pass (remove unused cells and wires).
Finding unused cells or wires in module \perf_counters..
Removed 0 unused cells and 36 unused wires.
<suppressed ~1 debug messages>

2.7.7. Executing OPT_EXPR pass (perform const folding).
Optimizing module perf_counters.

2.7.8. Rerunning OPT passes. (Maybe there is more to do..)

2.7.9. Executing OPT_MUXTREE pass (detect dead branches in mux trees).
Running muxtree optimizer on module \perf_counters..
  Creating internal representation of mux trees.
  Evaluating internal representation of mux trees.
  Analyzing evaluation results.
Removed 0 multiplexer ports.
<suppressed ~4 debug messages>

2.7.10. Executing OPT_REDUCE pass (consolidate $*mux and $reduce_* inputs).
  Optimizing cells in module \perf_counters.
Performed a total of 0 changes.

2.7.11. Executing OPT_MERGE pass (detect identical cells).
Finding identical cells in module `\perf_counters'.
Removed a total of 0 cells.

2.7.12. Executing OPT_CLEAN pass (remove unused cells and wires).
Finding unused cells or wires in module \perf_counters..

2.7.13. Executing OPT_EXPR pass (perform const folding).
Optimizing module perf_counters.

2.7.14. Finished OPT passes. (There is nothing left to do.)

2.8. Executing WREDUCE pass (reducing word size of cells).
Removed top 31 bits (of 32) from port B of cell perf_counters.$add$/app/eda.work/23fe1751-e96f-4746-94ce-186c115e06f2.edacmd/eda.work/perf_counters.synth/slang/perf_counters.v:260$6 ($add).
Removed top 31 bits (of 32) from port B of cell perf_counters.$add$/app/eda.work/23fe1751-e96f-4746-94ce-186c115e06f2.edacmd/eda.work/perf_counters.synth/slang/perf_counters.v:264$10 ($add).
Removed top 1 bits (of 2) from port B of cell perf_counters.$eq$/app/eda.work/23fe1751-e96f-4746-94ce-186c115e06f2.edacmd/eda.work/perf_counters.synth/slang/perf_counters.v:265$11 ($eq).
Removed top 31 bits (of 32) from port B of cell perf_counters.$add$/app/eda.work/23fe1751-e96f-4746-94ce-186c115e06f2.edacmd/eda.work/perf_counters.synth/slang/perf_counters.v:267$13 ($add).
Removed top 31 bits (of 32) from port B of cell perf_counters.$add$/app/eda.work/23fe1751-e96f-4746-94ce-186c115e06f2.edacmd/eda.work/perf_counters.synth/slang/perf_counters.v:273$19 ($add).
Removed top 31 bits (of 32) from port B of cell perf_counters.$add$/app/eda.work/23fe1751-e96f-4746-94ce-186c115e06f2.edacmd/eda.work/perf_counters.synth/slang/perf_counters.v:276$22 ($add).
Removed top 31 bits (of 32) from port B of cell perf_counters.$add$/app/eda.work/23fe1751-e96f-4746-94ce-186c115e06f2.edacmd/eda.work/perf_counters.synth/slang/perf_counters.v:277$23 ($add).
Removed top 1 bits (of 2) from port B of cell perf_counters.$eq$/app/eda.work/23fe1751-e96f-4746-94ce-186c115e06f2.edacmd/eda.work/perf_counters.synth/slang/perf_counters.v:278$24 ($eq).
Removed top 31 bits (of 32) from port B of cell perf_counters.$add$/app/eda.work/23fe1751-e96f-4746-94ce-186c115e06f2.edacmd/eda.work/perf_counters.synth/slang/perf_counters.v:280$26 ($add).
Removed top 31 bits (of 32) from port B of cell perf_counters.$add$/app/eda.work/23fe1751-e96f-4746-94ce-186c115e06f2.edacmd/eda.work/perf_counters.synth/slang/perf_counters.v:285$31 ($add).
Removed top 31 bits (of 32) from port B of cell perf_counters.$add$/app/eda.work/23fe1751-e96f-4746-94ce-186c115e06f2.edacmd/eda.work/perf_counters.synth/slang/perf_counters.v:288$34 ($add).
Removed top 1 bits (of 2) from port B of cell perf_counters.$eq$/app/eda.work/23fe1751-e96f-4746-94ce-186c115e06f2.edacmd/eda.work/perf_counters.synth/slang/perf_counters.v:289$35 ($eq).
Removed top 31 bits (of 32) from port B of cell perf_counters.$add$/app/eda.work/23fe1751-e96f-4746-94ce-186c115e06f2.edacmd/eda.work/perf_counters.synth/slang/perf_counters.v:291$37 ($add).
Removed top 31 bits (of 32) from port B of cell perf_counters.$add$/app/eda.work/23fe1751-e96f-4746-94ce-186c115e06f2.edacmd/eda.work/perf_counters.synth/slang/perf_counters.v:296$42 ($add).
Removed top 1 bits (of 2) from port B of cell perf_counters.$eq$/app/eda.work/23fe1751-e96f-4746-94ce-186c115e06f2.edacmd/eda.work/perf_counters.synth/slang/perf_counters.v:297$43 ($eq).
Removed top 31 bits (of 32) from port B of cell perf_counters.$add$/app/eda.work/23fe1751-e96f-4746-94ce-186c115e06f2.edacmd/eda.work/perf_counters.synth/slang/perf_counters.v:299$45 ($add).

2.9. Executing OPT_CLEAN pass (remove unused cells and wires).
Finding unused cells or wires in module \perf_counters..

2.10. Executing MEMORY_COLLECT pass (generating $mem cells).

2.11. Executing OPT pass (performing simple optimizations).

2.11.1. Executing OPT_EXPR pass (perform const folding).
Optimizing module perf_counters.

2.11.2. Executing OPT_MERGE pass (detect identical cells).
Finding identical cells in module `\perf_counters'.
Removed a total of 0 cells.

2.11.3. Executing OPT_CLEAN pass (remove unused cells and wires).
Finding unused cells or wires in module \perf_counters..

2.11.4. Finished fast OPT passes.

2.12. Printing statistics.

=== perf_counters ===

   Number of wires:                 79
   Number of wire bits:           1978
   Number of public wires:          79
   Number of public wire bits:    1978
   Number of ports:                  6
   Number of port bits:            394
   Number of memories:               0
   Number of memory bits:            0
   Number of processes:              0
   Number of cells:                 88
     $add                           12
     $dff                           16
     $eq                             8
     $logic_and                      4
     $logic_not                      4
     $mux                           28
     $ne                            16

2.13. Executing CHECK pass (checking for obvious problems).
Checking module perf_counters...
Found and reported 0 problems.

3. Executing PROC pass (convert processes to netlists).

3.1. Executing PROC_CLEAN pass (remove empty switches from decision trees).
Cleaned up 0 empty switches.

3.2. Executing PROC_RMDEAD pass (remove dead branches from decision trees).
Removed a total of 0 dead cases.

3.3. Executing PROC_PRUNE pass (remove redundant assignments in processes).
Removed 0 redundant assignments.
Promoted 0 assignments to connections.

3.4. Executing PROC_INIT pass (extract init attributes).

3.5. Executing PROC_ARST pass (detect async resets in processes).

3.6. Executing PROC_ROM pass (convert switches to ROMs).
Converted 0 switches.

3.7. Executing PROC_MUX pass (convert decision trees to multiplexers).

3.8. Executing PROC_DLATCH pass (convert process syncs to latches).

3.9. Executing PROC_DFF pass (convert process syncs to FFs).

3.10. Executing PROC_MEMWR pass (convert process memory writes to cells).

3.11. Executing PROC_CLEAN pass (remove empty switches from decision trees).
Cleaned up 0 empty switches.

3.12. Executing OPT_EXPR pass (perform const folding).
Optimizing module perf_counters.

4. Executing SYNTH pass.

4.1. Executing HIERARCHY pass (managing design hierarchy).
Attribute `top' found on module `perf_counters'. Setting top module to perf_counters.

4.1.1. Analyzing design hierarchy..
Top module:  \perf_counters

4.1.2. Analyzing design hierarchy..
Top module:  \perf_counters
Removed 0 unused modules.

4.2. Executing PROC pass (convert processes to netlists).

4.2.1. Executing PROC_CLEAN pass (remove empty switches from decision trees).
Cleaned up 0 empty switches.

4.2.2. Executing PROC_RMDEAD pass (remove dead branches from decision trees).
Removed a total of 0 dead cases.

4.2.3. Executing PROC_PRUNE pass (remove redundant assignments in processes).
Removed 0 redundant assignments.
Promoted 0 assignments to connections.

4.2.4. Executing PROC_INIT pass (extract init attributes).

4.2.5. Executing PROC_ARST pass (detect async resets in processes).

4.2.6. Executing PROC_ROM pass (convert switches to ROMs).
Converted 0 switches.

4.2.7. Executing PROC_MUX pass (convert decision trees to multiplexers).

4.2.8. Executing PROC_DLATCH pass (convert process syncs to latches).

4.2.9. Executing PROC_DFF pass (convert process syncs to FFs).

4.2.10. Executing PROC_MEMWR pass (convert process memory writes to cells).

4.2.11. Executing PROC_CLEAN pass (remove empty switches from decision trees).
Cleaned up 0 empty switches.

4.2.12. Executing OPT_EXPR pass (perform const folding).
Optimizing module perf_counters.

4.3. Executing OPT_EXPR pass (perform const folding).
Optimizing module perf_counters.

4.4. Executing OPT_CLEAN pass (remove unused cells and wires).
Finding unused cells or wires in module \perf_counters..

4.5. Executing CHECK pass (checking for obvious problems).
Checking module perf_counters...
Found and reported 0 problems.

4.6. Executing OPT pass (performing simple optimizations).

4.6.1. Executing OPT_EXPR pass (perform const folding).
Optimizing module perf_counters.

4.6.2. Executing OPT_MERGE pass (detect identical cells).
Finding identical cells in module `\perf_counters'.
Removed a total of 0 cells.

4.6.3. Executing OPT_MUXTREE pass (detect dead branches in mux trees).
Running muxtree optimizer on module \perf_counters..
  Creating internal representation of mux trees.
  Evaluating internal representation of mux trees.
  Analyzing evaluation results.
Removed 0 multiplexer ports.
<suppressed ~4 debug messages>

4.6.4. Executing OPT_REDUCE pass (consolidate $*mux and $reduce_* inputs).
  Optimizing cells in module \perf_counters.
Performed a total of 0 changes.

4.6.5. Executing OPT_MERGE pass (detect identical cells).
Finding identical cells in module `\perf_counters'.
Removed a total of 0 cells.

4.6.6. Executing OPT_DFF pass (perform DFF optimizations).

4.6.7. Executing OPT_CLEAN pass (remove unused cells and wires).
Finding unused cells or wires in module \perf_counters..

4.6.8. Executing OPT_EXPR pass (perform const folding).
Optimizing module perf_counters.

4.6.9. Finished OPT passes. (There is nothing left to do.)

4.7. Executing FSM pass (extract and optimize FSM).

4.7.1. Executing FSM_DETECT pass (finding FSMs in design).

4.7.2. Executing FSM_EXTRACT pass (extracting FSM from design).

4.7.3. Executing FSM_OPT pass (simple optimizations of FSMs).

4.7.4. Executing OPT_CLEAN pass (remove unused cells and wires).
Finding unused cells or wires in module \perf_counters..

4.7.5. Executing FSM_OPT pass (simple optimizations of FSMs).

4.7.6. Executing FSM_RECODE pass (re-assigning FSM state encoding).

4.7.7. Executing FSM_INFO pass (dumping all available information on FSM cells).

4.7.8. Executing FSM_MAP pass (mapping FSMs to basic logic).

4.8. Executing OPT pass (performing simple optimizations).

4.8.1. Executing OPT_EXPR pass (perform const folding).
Optimizing module perf_counters.

4.8.2. Executing OPT_MERGE pass (detect identical cells).
Finding identical cells in module `\perf_counters'.
Removed a total of 0 cells.

4.8.3. Executing OPT_MUXTREE pass (detect dead branches in mux trees).
Running muxtree optimizer on module \perf_counters..
  Creating internal representation of mux trees.
  Evaluating internal representation of mux trees.
  Analyzing evaluation results.
Removed 0 multiplexer ports.
<suppressed ~4 debug messages>

4.8.4. Executing OPT_REDUCE pass (consolidate $*mux and $reduce_* inputs).
  Optimizing cells in module \perf_counters.
Performed a total of 0 changes.

4.8.5. Executing OPT_MERGE pass (detect identical cells).
Finding identical cells in module `\perf_counters'.
Removed a total of 0 cells.

4.8.6. Executing OPT_DFF pass (perform DFF optimizations).
Adding SRST signal on $procdff$141 ($dff) from module perf_counters (D = \_049_, Q = \active_cycles [31:0], rval = 0).
Adding EN signal on $auto$ff.cc:266:slice$142 ($sdff) from module perf_counters (D = \_029_, Q = \active_cycles [31:0]).
Adding SRST signal on $procdff$140 ($dff) from module perf_counters (D = \_051_, Q = \active_cycles [63:32], rval = 0).
Adding EN signal on $auto$ff.cc:266:slice$146 ($sdff) from module perf_counters (D = \_008_, Q = \active_cycles [63:32]).
Adding SRST signal on $procdff$139 ($dff) from module perf_counters (D = \_053_, Q = \active_cycles [95:64], rval = 0).
Adding EN signal on $auto$ff.cc:266:slice$150 ($sdff) from module perf_counters (D = \_020_, Q = \active_cycles [95:64]).
Adding SRST signal on $procdff$138 ($dff) from module perf_counters (D = \_047_, Q = \active_cycles [127:96], rval = 0).
Adding EN signal on $auto$ff.cc:266:slice$154 ($sdff) from module perf_counters (D = \_033_, Q = \active_cycles [127:96]).
Adding SRST signal on $procdff$137 ($dff) from module perf_counters (D = \_058_, Q = \idle_cycles [31:0], rval = 0).
Adding EN signal on $auto$ff.cc:266:slice$158 ($sdff) from module perf_counters (D = \_044_, Q = \idle_cycles [31:0]).
Adding SRST signal on $procdff$136 ($dff) from module perf_counters (D = \_060_, Q = \idle_cycles [63:32], rval = 0).
Adding EN signal on $auto$ff.cc:266:slice$162 ($sdff) from module perf_counters (D = \_011_, Q = \idle_cycles [63:32]).
Adding SRST signal on $procdff$135 ($dff) from module perf_counters (D = \_062_, Q = \idle_cycles [95:64], rval = 0).
Adding EN signal on $auto$ff.cc:266:slice$166 ($sdff) from module perf_counters (D = \_024_, Q = \idle_cycles [95:64]).
Adding SRST signal on $procdff$134 ($dff) from module perf_counters (D = \_056_, Q = \idle_cycles [127:96], rval = 0).
Adding EN signal on $auto$ff.cc:266:slice$170 ($sdff) from module perf_counters (D = \_036_, Q = \idle_cycles [127:96]).
Adding SRST signal on $procdff$133 ($dff) from module perf_counters (D = \state [1:0], Q = \prev_state [1:0], rval = 2'00).
Adding SRST signal on $procdff$132 ($dff) from module perf_counters (D = \state [3:2], Q = \prev_state [3:2], rval = 2'00).
Adding SRST signal on $procdff$131 ($dff) from module perf_counters (D = \state [5:4], Q = \prev_state [5:4], rval = 2'00).
Adding SRST signal on $procdff$130 ($dff) from module perf_counters (D = \state [7:6], Q = \prev_state [7:6], rval = 2'00).
Adding SRST signal on $procdff$129 ($dff) from module perf_counters (D = \_091_, Q = \sleep_count [31:0], rval = 0).
Adding EN signal on $auto$ff.cc:266:slice$178 ($sdff) from module perf_counters (D = \_004_, Q = \sleep_count [31:0]).
Adding SRST signal on $procdff$128 ($dff) from module perf_counters (D = \_187_, Q = \sleep_count [63:32], rval = 0).
Adding EN signal on $auto$ff.cc:266:slice$182 ($sdff) from module perf_counters (D = \_017_, Q = \sleep_count [63:32]).
Adding SRST signal on $procdff$127 ($dff) from module perf_counters (D = \_155_, Q = \sleep_count [95:64], rval = 0).
Adding EN signal on $auto$ff.cc:266:slice$186 ($sdff) from module perf_counters (D = \_030_, Q = \sleep_count [95:64]).
Adding SRST signal on $procdff$126 ($dff) from module perf_counters (D = \_071_, Q = \sleep_count [127:96], rval = 0).
Adding EN signal on $auto$ff.cc:266:slice$190 ($sdff) from module perf_counters (D = \_041_, Q = \sleep_count [127:96]).

4.8.7. Executing OPT_CLEAN pass (remove unused cells and wires).
Finding unused cells or wires in module \perf_counters..
Removed 28 unused cells and 28 unused wires.
<suppressed ~29 debug messages>

4.8.8. Executing OPT_EXPR pass (perform const folding).
Optimizing module perf_counters.

4.8.9. Rerunning OPT passes. (Maybe there is more to do..)

4.8.10. Executing OPT_MUXTREE pass (detect dead branches in mux trees).
Running muxtree optimizer on module \perf_counters..
  Creating internal representation of mux trees.
  No muxes found in this module.
Removed 0 multiplexer ports.

4.8.11. Executing OPT_REDUCE pass (consolidate $*mux and $reduce_* inputs).
  Optimizing cells in module \perf_counters.
Performed a total of 0 changes.

4.8.12. Executing OPT_MERGE pass (detect identical cells).
Finding identical cells in module `\perf_counters'.
Removed a total of 0 cells.

4.8.13. Executing OPT_DFF pass (perform DFF optimizations).

4.8.14. Executing OPT_CLEAN pass (remove unused cells and wires).
Finding unused cells or wires in module \perf_counters..

4.8.15. Executing OPT_EXPR pass (perform const folding).
Optimizing module perf_counters.

4.8.16. Finished OPT passes. (There is nothing left to do.)

4.9. Executing WREDUCE pass (reducing word size of cells).

4.10. Executing PEEPOPT pass (run peephole optimizers).

4.11. Executing OPT_CLEAN pass (remove unused cells and wires).
Finding unused cells or wires in module \perf_counters..

4.12. Executing ALUMACC pass (create $alu and $macc cells).
Extracting $alu and $macc cells in module perf_counters:
  creating $macc model for $add$/app/eda.work/23fe1751-e96f-4746-94ce-186c115e06f2.edacmd/eda.work/perf_counters.synth/slang/perf_counters.v:260$6 ($add).
  creating $macc model for $add$/app/eda.work/23fe1751-e96f-4746-94ce-186c115e06f2.edacmd/eda.work/perf_counters.synth/slang/perf_counters.v:264$10 ($add).
  creating $macc model for $add$/app/eda.work/23fe1751-e96f-4746-94ce-186c115e06f2.edacmd/eda.work/perf_counters.synth/slang/perf_counters.v:267$13 ($add).
  creating $macc model for $add$/app/eda.work/23fe1751-e96f-4746-94ce-186c115e06f2.edacmd/eda.work/perf_counters.synth/slang/perf_counters.v:273$19 ($add).
  creating $macc model for $add$/app/eda.work/23fe1751-e96f-4746-94ce-186c115e06f2.edacmd/eda.work/perf_counters.synth/slang/perf_counters.v:276$22 ($add).
  creating $macc model for $add$/app/eda.work/23fe1751-e96f-4746-94ce-186c115e06f2.edacmd/eda.work/perf_counters.synth/slang/perf_counters.v:277$23 ($add).
  creating $macc model for $add$/app/eda.work/23fe1751-e96f-4746-94ce-186c115e06f2.edacmd/eda.work/perf_counters.synth/slang/perf_counters.v:280$26 ($add).
  creating $macc model for $add$/app/eda.work/23fe1751-e96f-4746-94ce-186c115e06f2.edacmd/eda.work/perf_counters.synth/slang/perf_counters.v:285$31 ($add).
  creating $macc model for $add$/app/eda.work/23fe1751-e96f-4746-94ce-186c115e06f2.edacmd/eda.work/perf_counters.synth/slang/perf_counters.v:288$34 ($add).
  creating $macc model for $add$/app/eda.work/23fe1751-e96f-4746-94ce-186c115e06f2.edacmd/eda.work/perf_counters.synth/slang/perf_counters.v:291$37 ($add).
  creating $macc model for $add$/app/eda.work/23fe1751-e96f-4746-94ce-186c115e06f2.edacmd/eda.work/perf_counters.synth/slang/perf_counters.v:296$42 ($add).
  creating $macc model for $add$/app/eda.work/23fe1751-e96f-4746-94ce-186c115e06f2.edacmd/eda.work/perf_counters.synth/slang/perf_counters.v:299$45 ($add).
  creating $alu model for $macc $add$/app/eda.work/23fe1751-e96f-4746-94ce-186c115e06f2.edacmd/eda.work/perf_counters.synth/slang/perf_counters.v:299$45.
  creating $alu model for $macc $add$/app/eda.work/23fe1751-e96f-4746-94ce-186c115e06f2.edacmd/eda.work/perf_counters.synth/slang/perf_counters.v:296$42.
  creating $alu model for $macc $add$/app/eda.work/23fe1751-e96f-4746-94ce-186c115e06f2.edacmd/eda.work/perf_counters.synth/slang/perf_counters.v:291$37.
  creating $alu model for $macc $add$/app/eda.work/23fe1751-e96f-4746-94ce-186c115e06f2.edacmd/eda.work/perf_counters.synth/slang/perf_counters.v:288$34.
  creating $alu model for $macc $add$/app/eda.work/23fe1751-e96f-4746-94ce-186c115e06f2.edacmd/eda.work/perf_counters.synth/slang/perf_counters.v:285$31.
  creating $alu model for $macc $add$/app/eda.work/23fe1751-e96f-4746-94ce-186c115e06f2.edacmd/eda.work/perf_counters.synth/slang/perf_counters.v:280$26.
  creating $alu model for $macc $add$/app/eda.work/23fe1751-e96f-4746-94ce-186c115e06f2.edacmd/eda.work/perf_counters.synth/slang/perf_counters.v:277$23.
  creating $alu model for $macc $add$/app/eda.work/23fe1751-e96f-4746-94ce-186c115e06f2.edacmd/eda.work/perf_counters.synth/slang/perf_counters.v:276$22.
  creating $alu model for $macc $add$/app/eda.work/23fe1751-e96f-4746-94ce-186c115e06f2.edacmd/eda.work/perf_counters.synth/slang/perf_counters.v:273$19.
  creating $alu model for $macc $add$/app/eda.work/23fe1751-e96f-4746-94ce-186c115e06f2.edacmd/eda.work/perf_counters.synth/slang/perf_counters.v:267$13.
  creating $alu model for $macc $add$/app/eda.work/23fe1751-e96f-4746-94ce-186c115e06f2.edacmd/eda.work/perf_counters.synth/slang/perf_counters.v:264$10.
  creating $alu model for $macc $add$/app/eda.work/23fe1751-e96f-4746-94ce-186c115e06f2.edacmd/eda.work/perf_counters.synth/slang/perf_counters.v:260$6.
  creating $alu cell for $add$/app/eda.work/23fe1751-e96f-4746-94ce-186c115e06f2.edacmd/eda.work/perf_counters.synth/slang/perf_counters.v:260$6: $auto$alumacc.cc:495:replace_alu$194
  creating $alu cell for $add$/app/eda.work/23fe1751-e96f-4746-94ce-186c115e06f2.edacmd/eda.work/perf_counters.synth/slang/perf_counters.v:264$10: $auto$alumacc.cc:495:replace_alu$197
  creating $alu cell for $add$/app/eda.work/23fe1751-e96f-4746-94ce-186c115e06f2.edacmd/eda.work/perf_counters.synth/slang/perf_counters.v:267$13: $auto$alumacc.cc:495:replace_alu$200
  creating $alu cell for $add$/app/eda.work/23fe1751-e96f-4746-94ce-186c115e06f2.edacmd/eda.work/perf_counters.synth/slang/perf_counters.v:273$19: $auto$alumacc.cc:495:replace_alu$203
  creating $alu cell for $add$/app/eda.work/23fe1751-e96f-4746-94ce-186c115e06f2.edacmd/eda.work/perf_counters.synth/slang/perf_counters.v:276$22: $auto$alumacc.cc:495:replace_alu$206
  creating $alu cell for $add$/app/eda.work/23fe1751-e96f-4746-94ce-186c115e06f2.edacmd/eda.work/perf_counters.synth/slang/perf_counters.v:277$23: $auto$alumacc.cc:495:replace_alu$209
  creating $alu cell for $add$/app/eda.work/23fe1751-e96f-4746-94ce-186c115e06f2.edacmd/eda.work/perf_counters.synth/slang/perf_counters.v:280$26: $auto$alumacc.cc:495:replace_alu$212
  creating $alu cell for $add$/app/eda.work/23fe1751-e96f-4746-94ce-186c115e06f2.edacmd/eda.work/perf_counters.synth/slang/perf_counters.v:285$31: $auto$alumacc.cc:495:replace_alu$215
  creating $alu cell for $add$/app/eda.work/23fe1751-e96f-4746-94ce-186c115e06f2.edacmd/eda.work/perf_counters.synth/slang/perf_counters.v:288$34: $auto$alumacc.cc:495:replace_alu$218
  creating $alu cell for $add$/app/eda.work/23fe1751-e96f-4746-94ce-186c115e06f2.edacmd/eda.work/perf_counters.synth/slang/perf_counters.v:291$37: $auto$alumacc.cc:495:replace_alu$221
  creating $alu cell for $add$/app/eda.work/23fe1751-e96f-4746-94ce-186c115e06f2.edacmd/eda.work/perf_counters.synth/slang/perf_counters.v:296$42: $auto$alumacc.cc:495:replace_alu$224
  creating $alu cell for $add$/app/eda.work/23fe1751-e96f-4746-94ce-186c115e06f2.edacmd/eda.work/perf_counters.synth/slang/perf_counters.v:299$45: $auto$alumacc.cc:495:replace_alu$227
  created 12 $alu and 0 $macc cells.

4.13. Executing SHARE pass (SAT-based resource sharing).

4.14. Executing OPT pass (performing simple optimizations).

4.14.1. Executing OPT_EXPR pass (perform const folding).
Optimizing module perf_counters.

4.14.2. Executing OPT_MERGE pass (detect identical cells).
Finding identical cells in module `\perf_counters'.
Removed a total of 0 cells.

4.14.3. Executing OPT_MUXTREE pass (detect dead branches in mux trees).
Running muxtree optimizer on module \perf_counters..
  Creating internal representation of mux trees.
  No muxes found in this module.
Removed 0 multiplexer ports.

4.14.4. Executing OPT_REDUCE pass (consolidate $*mux and $reduce_* inputs).
  Optimizing cells in module \perf_counters.
Performed a total of 0 changes.

4.14.5. Executing OPT_MERGE pass (detect identical cells).
Finding identical cells in module `\perf_counters'.
Removed a total of 0 cells.

4.14.6. Executing OPT_DFF pass (perform DFF optimizations).

4.14.7. Executing OPT_CLEAN pass (remove unused cells and wires).
Finding unused cells or wires in module \perf_counters..

4.14.8. Executing OPT_EXPR pass (perform const folding).
Optimizing module perf_counters.

4.14.9. Finished OPT passes. (There is nothing left to do.)

4.15. Executing MEMORY pass.

4.15.1. Executing OPT_MEM pass (optimize memories).
Performed a total of 0 transformations.

4.15.2. Executing OPT_MEM_PRIORITY pass (removing unnecessary memory write priority relations).
Performed a total of 0 transformations.

4.15.3. Executing OPT_MEM_FEEDBACK pass (finding memory read-to-write feedback paths).

4.15.4. Executing MEMORY_BMUX2ROM pass (converting muxes to ROMs).

4.15.5. Executing MEMORY_DFF pass (merging $dff cells to $memrd).

4.15.6. Executing OPT_CLEAN pass (remove unused cells and wires).
Finding unused cells or wires in module \perf_counters..

4.15.7. Executing MEMORY_SHARE pass (consolidating $memrd/$memwr cells).

4.15.8. Executing OPT_MEM_WIDEN pass (optimize memories where all ports are wide).
Performed a total of 0 transformations.

4.15.9. Executing OPT_CLEAN pass (remove unused cells and wires).
Finding unused cells or wires in module \perf_counters..

4.15.10. Executing MEMORY_COLLECT pass (generating $mem cells).

4.16. Executing OPT_CLEAN pass (remove unused cells and wires).
Finding unused cells or wires in module \perf_counters..

4.17. Executing OPT pass (performing simple optimizations).

4.17.1. Executing OPT_EXPR pass (perform const folding).
Optimizing module perf_counters.

4.17.2. Executing OPT_MERGE pass (detect identical cells).
Finding identical cells in module `\perf_counters'.
Removed a total of 0 cells.

4.17.3. Executing OPT_DFF pass (perform DFF optimizations).

4.17.4. Executing OPT_CLEAN pass (remove unused cells and wires).
Finding unused cells or wires in module \perf_counters..

4.17.5. Finished fast OPT passes.

4.18. Executing MEMORY_MAP pass (converting memories to logic and flip-flops).

4.19. Executing OPT pass (performing simple optimizations).

4.19.1. Executing OPT_EXPR pass (perform const folding).
Optimizing module perf_counters.

4.19.2. Executing OPT_MERGE pass (detect identical cells).
Finding identical cells in module `\perf_counters'.
Removed a total of 0 cells.

4.19.3. Executing OPT_MUXTREE pass (detect dead branches in mux trees).
Running muxtree optimizer on module \perf_counters..
  Creating internal representation of mux trees.
  No muxes found in this module.
Removed 0 multiplexer ports.

4.19.4. Executing OPT_REDUCE pass (consolidate $*mux and $reduce_* inputs).
  Optimizing cells in module \perf_counters.
Performed a total of 0 changes.

4.19.5. Executing OPT_MERGE pass (detect identical cells).
Finding identical cells in module `\perf_counters'.
Removed a total of 0 cells.

4.19.6. Executing OPT_SHARE pass.

4.19.7. Executing OPT_DFF pass (perform DFF optimizations).

4.19.8. Executing OPT_CLEAN pass (remove unused cells and wires).
Finding unused cells or wires in module \perf_counters..

4.19.9. Executing OPT_EXPR pass (perform const folding).
Optimizing module perf_counters.

4.19.10. Finished OPT passes. (There is nothing left to do.)

4.20. Executing TECHMAP pass (map to technology primitives).

4.20.1. Executing Verilog-2005 frontend: /usr/local/bin/../share/yosys/techmap.v
Parsing Verilog input from `/usr/local/bin/../share/yosys/techmap.v' to AST representation.
Generating RTLIL representation for module `\_90_simplemap_bool_ops'.
Generating RTLIL representation for module `\_90_simplemap_reduce_ops'.
Generating RTLIL representation for module `\_90_simplemap_logic_ops'.
Generating RTLIL representation for module `\_90_simplemap_compare_ops'.
Generating RTLIL representation for module `\_90_simplemap_various'.
Generating RTLIL representation for module `\_90_simplemap_registers'.
Generating RTLIL representation for module `\_90_shift_ops_shr_shl_sshl_sshr'.
Generating RTLIL representation for module `\_90_shift_shiftx'.
Generating RTLIL representation for module `\_90_fa'.
Generating RTLIL representation for module `\_90_lcu_brent_kung'.
Generating RTLIL representation for module `\_90_alu'.
Generating RTLIL representation for module `\_90_macc'.
Generating RTLIL representation for module `\_90_alumacc'.
Generating RTLIL representation for module `\$__div_mod_u'.
Generating RTLIL representation for module `\$__div_mod_trunc'.
Generating RTLIL representation for module `\_90_div'.
Generating RTLIL representation for module `\_90_mod'.
Generating RTLIL representation for module `\$__div_mod_floor'.
Generating RTLIL representation for module `\_90_divfloor'.
Generating RTLIL representation for module `\_90_modfloor'.
Generating RTLIL representation for module `\_90_pow'.
Generating RTLIL representation for module `\_90_pmux'.
Generating RTLIL representation for module `\_90_demux'.
Generating RTLIL representation for module `\_90_lut'.
Successfully finished Verilog frontend.

4.20.2. Continuing TECHMAP pass.
Using template $paramod$6a42b6fefed750f8a1c58eab59479d960557103c\_90_alu for cells of type $alu.
Using extmapper simplemap for cells of type $sdff.
Using extmapper simplemap for cells of type $reduce_and.
Using extmapper simplemap for cells of type $ne.
Using extmapper simplemap for cells of type $eq.
Using extmapper simplemap for cells of type $logic_and.
Using extmapper simplemap for cells of type $logic_not.
Using extmapper simplemap for cells of type $sdffe.
Using extmapper simplemap for cells of type $not.
Using extmapper simplemap for cells of type $mux.
Using extmapper simplemap for cells of type $pos.
Using template $paramod\_90_lcu_brent_kung\WIDTH=32'00000000000000000000000000100000 for cells of type $lcu.
Using extmapper simplemap for cells of type $and.
Using extmapper simplemap for cells of type $xor.
Using extmapper simplemap for cells of type $or.
No more expansions possible.
<suppressed ~2103 debug messages>

4.21. Executing OPT pass (performing simple optimizations).

4.21.1. Executing OPT_EXPR pass (perform const folding).
Optimizing module perf_counters.
<suppressed ~2604 debug messages>

4.21.2. Executing OPT_MERGE pass (detect identical cells).
Finding identical cells in module `\perf_counters'.
<suppressed ~1188 debug messages>
Removed a total of 396 cells.

4.21.3. Executing OPT_DFF pass (perform DFF optimizations).

4.21.4. Executing OPT_CLEAN pass (remove unused cells and wires).
Finding unused cells or wires in module \perf_counters..
Removed 60 unused cells and 1452 unused wires.
<suppressed ~61 debug messages>

4.21.5. Finished fast OPT passes.

4.22. Executing ABC pass (technology mapping using ABC).

4.22.1. Extracting gate netlist of module `\perf_counters' to `<abc-temp-dir>/input.blif'..
Extracted 1808 gates and 2208 wires to a netlist network with 400 inputs and 396 outputs.

4.22.1.1. Executing ABC.
Running ABC command: "<yosys-exe-dir>/yosys-abc" -s -f <abc-temp-dir>/abc.script 2>&1
ABC: ABC command line: "source <abc-temp-dir>/abc.script".
ABC: 
ABC: + read_blif <abc-temp-dir>/input.blif 
ABC: + read_library <abc-temp-dir>/stdcells.genlib 
ABC: + strash 
ABC: + dretime 
ABC: + map 
ABC: + write_blif <abc-temp-dir>/output.blif 

4.22.1.2. Re-integrating ABC results.
ABC RESULTS:               AND cells:        5
ABC RESULTS:            ANDNOT cells:      196
ABC RESULTS:              NAND cells:      191
ABC RESULTS:               NOT cells:       12
ABC RESULTS:                OR cells:      309
ABC RESULTS:             ORNOT cells:       15
ABC RESULTS:              XNOR cells:      176
ABC RESULTS:               XOR cells:      196
ABC RESULTS:        internal signals:     1412
ABC RESULTS:           input signals:      400
ABC RESULTS:          output signals:      396
Removing temp directory.

4.23. Executing OPT pass (performing simple optimizations).

4.23.1. Executing OPT_EXPR pass (perform const folding).
Optimizing module perf_counters.

4.23.2. Executing OPT_MERGE pass (detect identical cells).
Finding identical cells in module `\perf_counters'.
Removed a total of 0 cells.

4.23.3. Executing OPT_DFF pass (perform DFF optimizations).

4.23.4. Executing OPT_CLEAN pass (remove unused cells and wires).
Finding unused cells or wires in module \perf_counters..
Removed 0 unused cells and 1548 unused wires.
<suppressed ~1 debug messages>

4.23.5. Finished fast OPT passes.

4.24. Executing HIERARCHY pass (managing design hierarchy).
Attribute `top' found on module `perf_counters'. Setting top module to perf_counters.

4.24.1. Analyzing design hierarchy..
Top module:  \perf_counters

4.24.2. Analyzing design hierarchy..
Top module:  \perf_counters
Removed 0 unused modules.

4.25. Printing statistics.

=== perf_counters ===

   Number of wires:                735
   Number of wire bits:           1502
   Number of public wires:          19
   Number of public wire bits:     786
   Number of ports:                  6
   Number of port bits:            394
   Number of memories:               0
   Number of memory bits:            0
   Number of processes:              0
   Number of cells:               1492
     $_ANDNOT_                     196
     $_AND_                          5
     $_NAND_                       191
     $_NOT_                         12
     $_ORNOT_                       15
     $_OR_                         309
     $_SDFFE_PN0P_                 384
     $_SDFF_PN0_                     8
     $_XNOR_                       176
     $_XOR_                        196

4.26. Executing CHECK pass (checking for obvious problems).
Checking module perf_counters...
Found and reported 0 problems.

5. Executing OPT_CLEAN pass (remove unused cells and wires).
Finding unused cells or wires in module \perf_counters..

6. Executing Verilog backend.

6.1. Executing BMUXMAP pass.

6.2. Executing DEMUXMAP pass.
Dumping module `\perf_counters'.

7. Executing JSON backend.

End of script. Logfile hash: 3e6e305747, CPU: user 0.34s system 0.01s, MEM: 35.25 MB peak
Yosys 0.53 (git sha1 53c22ab7c, g++ 13.3.0-6ubuntu2~24.04 -fPIC -O3)
Time spent: 21% 21x opt_clean (0 sec), 16% 23x opt_expr (0 sec), ...
INFO: [EDA] subprocess_run_background: wrote: /app/eda.work/23fe1751-e96f-4746-94ce-186c115e06f2.edacmd/eda.work/perf_counters.synth/yosys.synth.log
INFO: [EDA] yosys: wrote verilog to /app/eda.work/23fe1751-e96f-4746-94ce-186c115e06f2.edacmd/eda.work/perf_counters.synth/yosys/perf_counters.v
INFO: [EDA] Time: Tue Feb 17 23:03:02 2026 stop - eda.work/eda.log
INFO: [EDA] Closing logfile: eda.work/eda.log
