
 /----------------------------------------------------------------------------\
 |  yosys -- Yosys Open SYnthesis Suite                                       |
 |  Copyright (C) 2012 - 2025  Claire Xenia Wolf <claire@yosyshq.com>         |
 |  Distributed under an ISC-like license, type "license" to see terms        |
 \----------------------------------------------------------------------------/
 Yosys 0.53 (git sha1 53c22ab7c, g++ 13.3.0-6ubuntu2~24.04 -fPIC -O3)

-- Executing script file `yosys.slang.f' --

1. Executing SLANG frontend.
Top level design units:
    activity_counter

Build succeeded: 0 errors, 0 warnings

1.1. Executing UNDRIVEN pass. (resolve undriven signals)

1.2. Executing PROC_CLEAN pass (remove empty switches from decision trees).
Removing empty process `activity_counter.$54'.
Found and cleaned up 1 empty switch in `\activity_counter.$27'.
Found and cleaned up 1 empty switch in `\activity_counter.$0'.
Cleaned up 2 empty switches.

1.3. Executing TRIBUF pass.

1.4. Executing PROC_RMDEAD pass (remove dead branches from decision trees).
Marked 23 switch rules as full_case in process $27 in module activity_counter.
Marked 23 switch rules as full_case in process $0 in module activity_counter.
Removed a total of 0 dead cases.

1.5. Executing PROC_PRUNE pass (remove redundant assignments in processes).
Removed 24 redundant assignments.
Promoted 0 assignments to connections.

1.6. Executing PROC_INIT pass (extract init attributes).

1.7. Executing PROC_ROM pass (convert switches to ROMs).
Converted 0 switches.
<suppressed ~46 debug messages>

1.8. Executing PROC_MUX pass (convert decision trees to multiplexers).
Creating decoders for process `\activity_counter.$27'.
     1/12: $activity_timer[15:12]$51
     2/12: $activity_timer[15:12]$52
     3/12: $activity_timer[15:12]$53
     4/12: $activity_timer[11:8]$45
     5/12: $activity_timer[11:8]$46
     6/12: $activity_timer[11:8]$47
     7/12: $activity_timer[7:4]$39
     8/12: $activity_timer[7:4]$40
     9/12: $activity_timer[7:4]$41
    10/12: $activity_timer[3:0]$33
    11/12: $activity_timer[3:0]$34
    12/12: $activity_timer[3:0]$35
Creating decoders for process `\activity_counter.$0'.
     1/12: $idle_counter[63:48]$24
     2/12: $idle_counter[63:48]$25
     3/12: $idle_counter[63:48]$26
     4/12: $idle_counter[47:32]$18
     5/12: $idle_counter[47:32]$19
     6/12: $idle_counter[47:32]$20
     7/12: $idle_counter[31:16]$12
     8/12: $idle_counter[31:16]$13
     9/12: $idle_counter[31:16]$14
    10/12: $idle_counter[15:0]$6
    11/12: $idle_counter[15:0]$7
    12/12: $idle_counter[15:0]$8

1.9. Executing PROC_CLEAN pass (remove empty switches from decision trees).
Found and cleaned up 23 empty switches in `\activity_counter.$27'.
Removing empty process `activity_counter.$27'.
Found and cleaned up 23 empty switches in `\activity_counter.$0'.
Removing empty process `activity_counter.$0'.
Cleaned up 46 empty switches.

1.10. Executing OPT_EXPR pass (perform const folding).
Optimizing module activity_counter.
<suppressed ~26 debug messages>

2. Executing Verilog backend.

2.1. Executing BMUXMAP pass.

2.2. Executing DEMUXMAP pass.
Dumping module `\activity_counter'.

1 modules:
  activity_counter

End of script. Logfile hash: f851ec977d, CPU: user 0.01s system 0.00s, MEM: 24.88 MB peak
Yosys 0.53 (git sha1 53c22ab7c, g++ 13.3.0-6ubuntu2~24.04 -fPIC -O3)
Time spent: 44% 2x read_slang (0 sec), 19% 1x opt_expr (0 sec), ...
INFO: [UNKNOWN] subprocess_run_background: returncode=0
